Arguments: 
  /usr/local/Cellar/node/9.2.1/bin/node /usr/local/Cellar/yarn/1.3.2/libexec/bin/yarn.js add prop-types

PATH: 
  /Users/fanyingmao/Downloads/android-ndk-r10e/platforms/android-9/arch-arm/usr/include:/Users/fanyingmao/Downloads/libpomelo2-master/android-toolchain/bin:/Library/Java/JavaVirtualMachines/jdk1.8.0_121.jdk/Contents/Home/bin:/usr/local/mysql/bin:/usr/bin:/usr/local/bin:/usr/sbin:/bin:/sbin:/usr/X11R6/bin:/Users/fanyingmao/Library/Android/sdk/platform-tools:/Users/fanyingmao/gradle-3.0/bin:/Applications/Sublime Text.app/Contents/SharedSupport/bin/:/Users/fanyingmao/Library/Android/sdk/ndk-bundle:/Users/fanyingmao/mongodb/bin::/Users/fanyingmao/robbie/apache-maven-3.3.9/bin

Yarn version: 
  1.3.2

Node version: 
  9.2.1

Platform: 
  darwin x64

npm manifest: 
  {
    "private": true,
    "scripts": {
      "start": "roadhog server",
      "build": "roadhog build",
      "lint": "eslint --ext .js src test",
      "precommit": "npm run lint"
    },
    "dependencies": {
      "antd": "^3.5.2",
      "babel-plugin-import": "^1.7.0",
      "dva": "^2.2.3",
      "react": "^16.2.0",
      "react-dom": "^16.2.0"
    },
    "devDependencies": {
      "babel-plugin-dva-hmr": "^0.3.2",
      "eslint": "^4.14.0",
      "eslint-config-umi": "^0.1.1",
      "eslint-plugin-flowtype": "^2.34.1",
      "eslint-plugin-import": "^2.6.0",
      "eslint-plugin-jsx-a11y": "^5.1.1",
      "eslint-plugin-react": "^7.1.0",
      "husky": "^0.12.0",
      "redbox-react": "^1.4.3",
      "roadhog": "^2.0.0"
    }
  }

yarn manifest: 
  No manifest

Lockfile: 
  No lockfile

Trace: 
  Error: ENOENT: no such file or directory, copyfile '/Users/fanyingmao/Library/Caches/Yarn/v1/npm-load-json-file-2.0.0-7947e42149af80d696cbf797bcaabcfe1fe29ca8/index.js' -> '/Users/fanyingmao/WebstormProjects/learn-react/node_modules/eslint-plugin-import/node_modules/load-json-file/index.js'
